<?xml version="1.0" encoding="UTF-8"?>
<!-- Generated by org.testng.reporters.JUnitXMLReporter -->
<testsuite ignored="0" hostname="DESKTOP-A7UJ949" failures="0" tests="3" name="Default test" time="6.825" errors="0" timestamp="2023-05-25T19:01:24 IST">
  <testcase classname="sampleApiBDD.sampleApiBDD.PutReq" name="createNewUser" time="4.892"/>
  <testcase classname="sampleApiBDD.sampleApiBDD.PutReq" name="updateUser" time="0.618"/>
  <testcase classname="sampleApiBDD.sampleApiBDD.PutReq" name="validateUpdatedUser" time="1.232"/>
</testsuite> <!-- Default test -->
